[00:14:58] [main/WARN] (FabricLoader/Knot) Class path entries reference missing files: /home/matt/IdeaProjects/matt_mods/build/classes/java/main - the game may not load properly!
[00:14:58] [main/INFO] (FabricLoader/GameProvider) Loading Minecraft 1.21.8 with Fabric Loader 0.17.2
[00:14:58] [main/INFO] (FabricLoader) Loading 66 mods:
	- cardinal-components-base 7.0.0-beta.1
	- cardinal-components-entity 7.0.0-beta.1
	- fabric-api 0.134.0+1.21.8
	- fabric-api-base 0.5.0+cd8c0daa2c
	- fabric-api-lookup-api-v1 1.6.101+946bf4c32c
	- fabric-biome-api-v1 16.1.0+c21d71cc2c
	- fabric-block-api-v1 1.1.3+946bf4c32c
	- fabric-block-view-api-v2 1.0.31+946bf4c32c
	- fabric-command-api-v2 2.3.1+52fff9ec2c
	- fabric-content-registries-v0 10.1.0+c75de69d2c
	- fabric-convention-tags-v1 2.1.41+7f945d5b2c
	- fabric-convention-tags-v2 2.15.6+eb5df52f2c
	- fabric-crash-report-info-v1 0.3.15+946bf4c32c
	- fabric-data-attachment-api-v1 1.8.13+38b5f74e2c
	- fabric-data-generation-api-v1 23.2.7+2e1c6d322c
	- fabric-dimensions-v1 4.0.20+948fc79a2c
	- fabric-entity-events-v1 2.1.2+c9e472732c
	- fabric-events-interaction-v0 4.0.25+946bf4c32c
	- fabric-game-rule-api-v1 1.0.73+c64c9c5b2c
	- fabric-gametest-api-v1 3.1.10+39ce47f52c
	- fabric-item-api-v1 11.5.0+02ce13f42c
	- fabric-item-group-api-v1 4.2.14+c5f9bbc12c
	- fabric-language-kotlin 1.13.6+kotlin.2.2.20
	- fabric-lifecycle-events-v1 2.6.4+db4dfd852c
	- fabric-loot-api-v2 3.0.56+3f89f5a52c
	- fabric-loot-api-v3 2.0.3+946bf4c32c
	- fabric-message-api-v1 6.1.2+946bf4c32c
	- fabric-networking-api-v1 5.0.3+4ddbf91b2c
	- fabric-object-builder-api-v1 21.1.9+946bf4c32c
	- fabric-particles-v1 4.1.9+946bf4c32c
	- fabric-recipe-api-v1 8.1.16+946bf4c32c
	- fabric-registry-sync-v0 6.1.29+946bf4c32c
	- fabric-rendering-fluids-v1 3.1.31+fa6cb72b2c
	- fabric-resource-conditions-api-v1 5.0.25+98e6d6db2c
	- fabric-resource-loader-v0 3.1.12+020423442c
	- fabric-screen-handler-api-v1 1.3.138+946bf4c32c
	- fabric-serialization-api-v1 1.0.0+fc0e5aba2c
	- fabric-tag-api-v1 1.2.2+946bf4c32c
	- fabric-transfer-api-v1 6.0.6+946bf4c32c
	- fabric-transitive-access-wideners-v1 6.5.0+c847ce762c
	- fabricloader 0.17.2
	- java 25
	- matt_mods 1.7+1.21.8
	- minecraft 1.21.8
	- mixinextras 0.5.0
	- packet_tweaker 0.6.0-pre.1+1.21.2-pre3
	- player-data-api 0.8.0+1.21.6
	- polydex 1.6.0+1.21.6
	   |-- placeholder-api 2.7.0+1.21.6
	   |-- predicate-api 0.6.0+1.21.2
	   \-- sidebar-api 0.5.0+1.21
	- polymer-autohost 0.13.13+1.21.8
	- polymer-blocks 0.13.13+1.21.8
	- polymer-bundled 0.13.13+1.21.8
	- polymer-common 0.13.13+1.21.8
	- polymer-core 0.13.13+1.21.8
	- polymer-networking 0.13.13+1.21.8
	- polymer-registry-sync-manipulator 0.13.13+1.21.8
	- polymer-resource-pack 0.13.13+1.21.8
	- polymer-resource-pack-extras 0.13.13+1.21.8
	- polymer-virtual-entity 0.13.13+1.21.8
	- server_translations_api 2.5.1+1.21.5
	- serverbackpacks 1.4.1+1.21.8
	   \-- fabric-permissions-api-v0 0.4.1
	- sgui 1.10.0+1.21.6
	- trinkets 3.11.0-beta.1+polymerport.2
[00:15:01] [main/INFO] (FabricLoader/Mixin) SpongePowered MIXIN Subsystem Version=0.8.7 Source=file:/home/matt/.gradle/caches/modules-2/files-2.1/net.fabricmc/sponge-mixin/0.16.3+mixin.0.8.7/3e535042688d1265447e52ad86950b7d9678a5fa/sponge-mixin-0.16.3+mixin.0.8.7.jar Service=Knot/Fabric Env=SERVER
[00:15:01] [main/INFO] (FabricLoader/Mixin) Loaded Fabric development mappings for mixin remapper!
[00:15:01] [main/INFO] (FabricLoader/Mixin) Compatibility level set to JAVA_21
[00:15:02] [main/INFO] (FabricLoader/MixinExtras|Service) Initializing MixinExtras via com.llamalad7.mixinextras.service.MixinExtrasServiceImpl(version=0.5.0).
[00:15:06] [main/INFO] (serverbackpacks) Finished registering 48 items.
[00:15:06] [main/INFO] (Minecraft) Environment: Environment[sessionHost=https://sessionserver.mojang.com, servicesHost=https://api.minecraftservices.com, name=PROD]
[00:15:07] [main/INFO] (Minecraft) Loaded 1467 recipes
[00:15:07] [main/INFO] (Minecraft) Loaded 1579 advancements
[00:15:07] [ForkJoinPool.commonPool-worker-1/INFO] (ServerTranslations) Loaded 157 translation keys
[00:15:07] [main/INFO] (BiomeModificationImpl) Applied 0 biome modifications to 0 of 65 new biomes in 813.2 μs
[00:15:07] [IO-Worker-1/INFO] (Minecraft) [Polymer] Starting resource pack generation...
[00:15:07] [Server thread/INFO] (serverbackpacks) Loaded File-based data format as Server Backpack's data.
[00:15:07] [Server thread/INFO] (serverbackpacks) Loading Server Backpack's data on server starting...
[00:15:07] [Server thread/INFO] (Minecraft) Starting minecraft server version 1.21.8
[00:15:07] [Server thread/INFO] (Minecraft) Loading properties
[00:15:07] [Server thread/INFO] (Minecraft) Default game type: SURVIVAL
[00:15:07] [Server thread/INFO] (Minecraft) Generating keypair
[00:15:07] [Server thread/INFO] (Minecraft) Starting Minecraft server on *:25565
[00:15:07] [Server thread/INFO] (Minecraft) Using epoll channel type
[00:15:07] [Server thread/INFO] (Minecraft) Preparing level "world"
[00:15:07] [Server thread/INFO] (Minecraft) Preparing start region for dimension minecraft:overworld
[00:15:07] [Server thread/INFO] (Minecraft) [Polymer] Resource pack created successfully! You can find it in game folder as polymer/resource_pack.zip
[00:15:08] [Worker-Main-10/INFO] (Minecraft) Preparing spawn area: 0%
[00:15:08] [Worker-Main-10/INFO] (Minecraft) Preparing spawn area: 0%
[00:15:08] [Server thread/INFO] (Minecraft) Time elapsed: 912 ms
[00:15:08] [Server thread/INFO] (Minecraft) Done (1.084s)! For help, type "help"
[00:15:08] [Server thread/WARN] (TranslationConventionLogWarnings) 
	Dev warning - Untranslated Item Tags detected. Please translate your item tags so other mods such as recipe viewers can properly display your tag's name.
	The format desired is tag.item.<namespace>.<path> for the translation key with slashes in path turned into periods.
	To disable this message, set this system property in your runs: `-Dfabric-tag-conventions-v2.missingTagTranslationWarning=SILENCED`.
	To see individual untranslated item tags found, set the system property to `-Dfabric-tag-conventions-v2.missingTagTranslationWarning=VERBOSE`.
	Default is `SHORT`.

[00:15:08] [Server thread/INFO] (Polydex) [Polydex] Started matching recipes and items...
[00:15:09] [Server thread/INFO] (Polydex) [Polydex] Done! It took 553 ms
[00:15:15] [User Authenticator #1/INFO] (Minecraft) UUID of player Matt_Lawliet is c8df6663-1bf2-4076-a7bf-7423c23a31bd
[00:15:16] [Server thread/INFO] (Minecraft) Matt_Lawliet[/127.0.0.1:47622] logged in with entity id 10 at (130.92224251716843, 64.0, 527.4657399586657)
[00:15:16] [Server thread/INFO] (Minecraft) Matt_Lawliet joined the game
[00:15:16] [Server thread/WARN] (Minecraft) UUID of added entity already exists: GlowSquidEntity['Glow Squid'/12, l='ServerLevel[world]', x=110.45, y=22.08, z=483.37]
[00:15:16] [Server thread/WARN] (Minecraft) UUID of added entity already exists: SquidEntity['Squid'/48, l='ServerLevel[world]', x=174.32, y=60.63, z=447.20]
[00:15:16] [Server thread/WARN] (Minecraft) UUID of added entity already exists: DolphinEntity['Dolphin'/52, l='ServerLevel[world]', x=176.49, y=55.25, z=438.70]
[00:17:21] [Server thread/INFO] (Minecraft) [STDOUT]: Bed-click backup created for Matt_Lawliet
[00:17:49] [Server thread/INFO] (Minecraft) [STDOUT]: Deleted old backup: backup_20251015_232932.json
[00:17:49] [Server thread/INFO] (Minecraft) [STDOUT]: Enforced backup limit for Matt_Lawliet: deleted 1, kept 5
[00:17:49] [Server thread/INFO] (Minecraft) [STDOUT]: Bed-click backup created for Matt_Lawliet
[00:18:13] [Server thread/INFO] (Minecraft) [STDOUT]: Deleted old backup: backup_20251015_234033.json
[00:18:13] [Server thread/INFO] (Minecraft) [STDOUT]: Enforced backup limit for Matt_Lawliet: deleted 1, kept 5
[00:18:13] [Server thread/INFO] (Minecraft) [STDOUT]: Bed-click backup created for Matt_Lawliet
[00:18:18] [Server thread/INFO] (Minecraft) [STDOUT]: Deleted old backup: backup_20251015_234139.json
[00:18:18] [Server thread/INFO] (Minecraft) [STDOUT]: Enforced backup limit for Matt_Lawliet: deleted 1, kept 5
[00:18:18] [Server thread/INFO] (Minecraft) [STDOUT]: Bed-click backup created for Matt_Lawliet
[00:18:24] [Server thread/INFO] (Minecraft) [STDOUT]: Skipping duplicate backup for Matt_Lawliet
[00:18:24] [Server thread/INFO] (Minecraft) [STDOUT]: Skipping duplicate backup for Matt_Lawliet
[00:18:24] [Server thread/INFO] (Minecraft) [STDOUT]: Skipping duplicate backup for Matt_Lawliet
[00:18:24] [Server thread/INFO] (Minecraft) [STDOUT]: Skipping duplicate backup for Matt_Lawliet
[00:18:24] [Server thread/INFO] (Minecraft) [STDOUT]: Skipping duplicate backup for Matt_Lawliet
[00:18:25] [Server thread/INFO] (Minecraft) [STDOUT]: Skipping duplicate backup for Matt_Lawliet
[00:18:25] [Server thread/INFO] (Minecraft) [STDOUT]: Skipping duplicate backup for Matt_Lawliet
[00:18:25] [Server thread/INFO] (Minecraft) [STDOUT]: Skipping duplicate backup for Matt_Lawliet
[00:18:25] [Server thread/INFO] (Minecraft) [STDOUT]: Skipping duplicate backup for Matt_Lawliet
[00:18:25] [Server thread/INFO] (Minecraft) [STDOUT]: Skipping duplicate backup for Matt_Lawliet
[00:18:26] [Server thread/INFO] (Minecraft) [STDOUT]: Skipping duplicate backup for Matt_Lawliet
[00:18:26] [Server thread/INFO] (Minecraft) [STDOUT]: Skipping duplicate backup for Matt_Lawliet
[00:18:26] [Server thread/INFO] (Minecraft) [STDOUT]: Skipping duplicate backup for Matt_Lawliet
[00:18:26] [Server thread/INFO] (Minecraft) [STDOUT]: Skipping duplicate backup for Matt_Lawliet
[00:18:26] [Server thread/INFO] (Minecraft) [STDOUT]: Skipping duplicate backup for Matt_Lawliet
[00:18:27] [Server thread/INFO] (Minecraft) [STDOUT]: Skipping duplicate backup for Matt_Lawliet
[00:18:27] [Server thread/INFO] (Minecraft) [STDOUT]: Skipping duplicate backup for Matt_Lawliet
[00:18:27] [Server thread/INFO] (Minecraft) [STDOUT]: Skipping duplicate backup for Matt_Lawliet
[00:18:27] [Server thread/INFO] (Minecraft) [STDOUT]: Skipping duplicate backup for Matt_Lawliet
[00:18:27] [Server thread/INFO] (Minecraft) [STDOUT]: Skipping duplicate backup for Matt_Lawliet
[00:18:28] [Server thread/INFO] (Minecraft) [STDOUT]: Skipping duplicate backup for Matt_Lawliet
[00:18:28] [Server thread/INFO] (Minecraft) [STDOUT]: Skipping duplicate backup for Matt_Lawliet
[00:18:28] [Server thread/INFO] (Minecraft) [STDOUT]: Skipping duplicate backup for Matt_Lawliet
[00:18:28] [Server thread/INFO] (Minecraft) [STDOUT]: Skipping duplicate backup for Matt_Lawliet
[00:18:28] [Server thread/INFO] (Minecraft) [STDOUT]: Skipping duplicate backup for Matt_Lawliet
[00:18:29] [Server thread/INFO] (Minecraft) [STDOUT]: Skipping duplicate backup for Matt_Lawliet
[00:18:29] [Server thread/INFO] (Minecraft) [STDOUT]: Skipping duplicate backup for Matt_Lawliet
[00:18:29] [Server thread/INFO] (Minecraft) [STDOUT]: Skipping duplicate backup for Matt_Lawliet
[00:18:29] [Server thread/INFO] (Minecraft) [STDOUT]: Skipping duplicate backup for Matt_Lawliet
[00:18:29] [Server thread/INFO] (Minecraft) [STDOUT]: Skipping duplicate backup for Matt_Lawliet
[00:18:30] [Server thread/INFO] (Minecraft) [STDOUT]: Skipping duplicate backup for Matt_Lawliet
[00:18:30] [Server thread/INFO] (Minecraft) [STDOUT]: Skipping duplicate backup for Matt_Lawliet
[00:18:30] [Server thread/INFO] (Minecraft) [STDOUT]: Skipping duplicate backup for Matt_Lawliet
[00:18:30] [Server thread/INFO] (Minecraft) [STDOUT]: Skipping duplicate backup for Matt_Lawliet
[00:18:30] [Server thread/INFO] (Minecraft) [STDOUT]: Skipping duplicate backup for Matt_Lawliet
[00:18:31] [Server thread/INFO] (Minecraft) [STDOUT]: Skipping duplicate backup for Matt_Lawliet
[00:18:31] [Server thread/INFO] (Minecraft) [STDOUT]: Skipping duplicate backup for Matt_Lawliet
[00:18:31] [Server thread/INFO] (Minecraft) [STDOUT]: Skipping duplicate backup for Matt_Lawliet
[00:18:31] [Server thread/INFO] (Minecraft) [STDOUT]: Skipping duplicate backup for Matt_Lawliet
[00:18:31] [Server thread/INFO] (Minecraft) [STDOUT]: Skipping duplicate backup for Matt_Lawliet
[00:18:32] [Server thread/INFO] (Minecraft) [STDOUT]: Skipping duplicate backup for Matt_Lawliet
[00:18:32] [Server thread/INFO] (Minecraft) [STDOUT]: Skipping duplicate backup for Matt_Lawliet
[00:18:32] [Server thread/INFO] (Minecraft) [STDOUT]: Skipping duplicate backup for Matt_Lawliet
[00:18:32] [Server thread/INFO] (Minecraft) [STDOUT]: Skipping duplicate backup for Matt_Lawliet
[00:18:32] [Server thread/INFO] (Minecraft) [STDOUT]: Skipping duplicate backup for Matt_Lawliet
[00:18:33] [Server thread/INFO] (Minecraft) [STDOUT]: Skipping duplicate backup for Matt_Lawliet
[00:18:33] [Server thread/INFO] (Minecraft) [STDOUT]: Skipping duplicate backup for Matt_Lawliet
[00:18:33] [Server thread/INFO] (Minecraft) [STDOUT]: Skipping duplicate backup for Matt_Lawliet
[00:18:33] [Server thread/INFO] (Minecraft) [STDOUT]: Skipping duplicate backup for Matt_Lawliet
[00:18:33] [Server thread/INFO] (Minecraft) [STDOUT]: Skipping duplicate backup for Matt_Lawliet
[00:18:34] [Server thread/INFO] (Minecraft) [STDOUT]: Skipping duplicate backup for Matt_Lawliet
[00:18:34] [Server thread/INFO] (Minecraft) [STDOUT]: Skipping duplicate backup for Matt_Lawliet
[00:18:34] [Server thread/INFO] (Minecraft) [STDOUT]: Skipping duplicate backup for Matt_Lawliet
[00:18:34] [Server thread/INFO] (Minecraft) [STDOUT]: Skipping duplicate backup for Matt_Lawliet
[00:18:34] [Server thread/INFO] (Minecraft) [STDOUT]: Skipping duplicate backup for Matt_Lawliet
[00:18:35] [Server thread/INFO] (Minecraft) [STDOUT]: Skipping duplicate backup for Matt_Lawliet
[00:18:35] [Server thread/INFO] (Minecraft) [STDOUT]: Skipping duplicate backup for Matt_Lawliet
[00:18:35] [Server thread/INFO] (Minecraft) [STDOUT]: Skipping duplicate backup for Matt_Lawliet
[00:18:35] [Server thread/INFO] (Minecraft) [STDOUT]: Skipping duplicate backup for Matt_Lawliet
[00:19:04] [Server thread/INFO] (Minecraft) [STDOUT]: Bed-click backup created for Matt_Lawliet
[00:19:10] [Server thread/INFO] (Minecraft) [STDOUT]: Skipping duplicate backup for Matt_Lawliet
[00:19:10] [Server thread/INFO] (Minecraft) [STDOUT]: Skipping duplicate backup for Matt_Lawliet
[00:19:10] [Server thread/INFO] (Minecraft) [STDOUT]: Skipping duplicate backup for Matt_Lawliet
[00:19:10] [Server thread/INFO] (Minecraft) [STDOUT]: Skipping duplicate backup for Matt_Lawliet
[00:19:10] [Server thread/INFO] (Minecraft) [STDOUT]: Skipping duplicate backup for Matt_Lawliet
[00:19:11] [Server thread/INFO] (Minecraft) [STDOUT]: Skipping duplicate backup for Matt_Lawliet
[00:19:11] [Server thread/INFO] (Minecraft) [STDOUT]: Skipping duplicate backup for Matt_Lawliet
[00:19:11] [Server thread/INFO] (Minecraft) [STDOUT]: Skipping duplicate backup for Matt_Lawliet
[00:19:11] [Server thread/INFO] (Minecraft) [STDOUT]: Skipping duplicate backup for Matt_Lawliet
[00:19:11] [Server thread/INFO] (Minecraft) [STDOUT]: Skipping duplicate backup for Matt_Lawliet
[00:19:12] [Server thread/INFO] (Minecraft) [STDOUT]: Skipping duplicate backup for Matt_Lawliet
[00:19:12] [Server thread/INFO] (Minecraft) [STDOUT]: Skipping duplicate backup for Matt_Lawliet
[00:19:12] [Server thread/INFO] (Minecraft) [STDOUT]: Skipping duplicate backup for Matt_Lawliet
[00:19:12] [Server thread/INFO] (Minecraft) [STDOUT]: Skipping duplicate backup for Matt_Lawliet
[00:19:12] [Server thread/INFO] (Minecraft) [STDOUT]: Skipping duplicate backup for Matt_Lawliet
[00:19:13] [Server thread/INFO] (Minecraft) [STDOUT]: Skipping duplicate backup for Matt_Lawliet
[00:19:13] [Server thread/INFO] (Minecraft) [STDOUT]: Skipping duplicate backup for Matt_Lawliet
[00:19:13] [Server thread/INFO] (Minecraft) [STDOUT]: Skipping duplicate backup for Matt_Lawliet
[00:19:13] [Server thread/INFO] (Minecraft) [STDOUT]: Skipping duplicate backup for Matt_Lawliet
[00:19:13] [Server thread/INFO] (Minecraft) [STDOUT]: Skipping duplicate backup for Matt_Lawliet
[00:19:14] [Server thread/INFO] (Minecraft) [STDOUT]: Skipping duplicate backup for Matt_Lawliet
[00:19:14] [Server thread/INFO] (Minecraft) [STDOUT]: Skipping duplicate backup for Matt_Lawliet
[00:19:14] [Server thread/INFO] (Minecraft) [STDOUT]: Skipping duplicate backup for Matt_Lawliet
[00:19:14] [Server thread/INFO] (Minecraft) [STDOUT]: Skipping duplicate backup for Matt_Lawliet
[00:19:14] [Server thread/INFO] (Minecraft) [STDOUT]: Skipping duplicate backup for Matt_Lawliet
[00:19:15] [Server thread/INFO] (Minecraft) [STDOUT]: Skipping duplicate backup for Matt_Lawliet
[00:19:15] [Server thread/INFO] (Minecraft) [STDOUT]: Skipping duplicate backup for Matt_Lawliet
[00:19:15] [Server thread/INFO] (Minecraft) [STDOUT]: Skipping duplicate backup for Matt_Lawliet
[00:19:15] [Server thread/INFO] (Minecraft) [STDOUT]: Skipping duplicate backup for Matt_Lawliet
[00:19:15] [Server thread/INFO] (Minecraft) [STDOUT]: Skipping duplicate backup for Matt_Lawliet
[00:19:16] [Server thread/INFO] (Minecraft) [STDOUT]: Skipping duplicate backup for Matt_Lawliet
[00:19:16] [Server thread/INFO] (Minecraft) [STDOUT]: Skipping duplicate backup for Matt_Lawliet
[00:19:16] [Server thread/INFO] (Minecraft) [STDOUT]: Skipping duplicate backup for Matt_Lawliet
[00:19:16] [Server thread/INFO] (Minecraft) [STDOUT]: Skipping duplicate backup for Matt_Lawliet
[00:19:16] [Server thread/INFO] (Minecraft) [STDOUT]: Skipping duplicate backup for Matt_Lawliet
[00:19:17] [Server thread/INFO] (Minecraft) [STDOUT]: Skipping duplicate backup for Matt_Lawliet
[00:19:17] [Server thread/INFO] (Minecraft) [STDOUT]: Skipping duplicate backup for Matt_Lawliet
[00:19:17] [Server thread/INFO] (Minecraft) [STDOUT]: Skipping duplicate backup for Matt_Lawliet
[00:19:17] [Server thread/INFO] (Minecraft) [STDOUT]: Skipping duplicate backup for Matt_Lawliet
[00:19:17] [Server thread/INFO] (Minecraft) [STDOUT]: Skipping duplicate backup for Matt_Lawliet
[00:19:18] [Server thread/INFO] (Minecraft) [STDOUT]: Skipping duplicate backup for Matt_Lawliet
[00:19:18] [Server thread/INFO] (Minecraft) [STDOUT]: Skipping duplicate backup for Matt_Lawliet
[00:19:18] [Server thread/INFO] (Minecraft) [STDOUT]: Skipping duplicate backup for Matt_Lawliet
[00:19:18] [Server thread/INFO] (Minecraft) [STDOUT]: Skipping duplicate backup for Matt_Lawliet
[00:19:18] [Server thread/INFO] (Minecraft) [STDOUT]: Skipping duplicate backup for Matt_Lawliet
[00:19:19] [Server thread/INFO] (Minecraft) [STDOUT]: Skipping duplicate backup for Matt_Lawliet
[00:19:19] [Server thread/INFO] (Minecraft) [STDOUT]: Skipping duplicate backup for Matt_Lawliet
[00:19:19] [Server thread/INFO] (Minecraft) [STDOUT]: Skipping duplicate backup for Matt_Lawliet
[00:19:19] [Server thread/INFO] (Minecraft) [STDOUT]: Skipping duplicate backup for Matt_Lawliet
[00:20:08] [ServerBackpacks-Data/INFO] (serverbackpacks) Saving data for Server Backpacks.
[00:20:24] [Server thread/INFO] (Minecraft) [STDOUT]: Skipping duplicate backup for Matt_Lawliet
[00:20:25] [Server thread/INFO] (Minecraft) [STDOUT]: Skipping duplicate backup for Matt_Lawliet
[00:20:25] [Server thread/INFO] (Minecraft) [STDOUT]: Skipping duplicate backup for Matt_Lawliet
[00:20:25] [Server thread/INFO] (Minecraft) [STDOUT]: Skipping duplicate backup for Matt_Lawliet
[00:20:26] [Server thread/INFO] (Minecraft) Matt_Lawliet lost connection: Disconnected
[00:20:26] [Server thread/INFO] (Minecraft) Matt_Lawliet left the game
[00:20:26] [ServerBackpacks-Data/INFO] (serverbackpacks) Saving data for Server Backpacks.
[00:20:32] [Thread-1/INFO] (serverbackpacks) Thread stopped.
